<?xml version="1.0" encoding="UTF-8"?>
<!-- Generated by org.testng.reporters.JUnitXMLReporter -->
<testsuite ignored="0" hostname="LIN59019856" failures="0" tests="7" name="Default test" time="6.614" errors="0" timestamp="2022-02-04T17:40:36 IST">
  <testcase classname="weather.test" name="testGet" time="2.186"/>
  <testcase classname="weather.test" name="testpost1" time="1.078"/>
  <testcase classname="weather.test" name="testpost2" time="0.664"/>
  <testcase classname="weather.test" name="testGet2" time="0.637"/>
  <testcase classname="weather.test" name="deleteWeatherRecord" time="0.643"/>
  <testcase classname="weather.test" name="deleteWeatherRecord2" time="0.641"/>
  <testcase classname="weather.test" name="deleteWeatherRecord3" time="0.72"/>
</testsuite> <!-- Default test -->
