<?xml version="1.0" encoding="UTF-8"?>
<!-- Generated by org.testng.reporters.JUnitXMLReporter -->
<testsuite ignored="0" hostname="LIN59019856" failures="0" tests="7" name="Test" time="5.248" errors="0" timestamp="2022-02-02T11:23:23 IST">
  <testcase classname="weather.test" name="testGet" time="1.305"/>
  <testcase classname="weather.test" name="testpost1" time="0.963"/>
  <testcase classname="weather.test" name="testpost2" time="0.586"/>
  <testcase classname="weather.test" name="testGet2" time="0.578"/>
  <testcase classname="weather.test" name="deleteWeatherRecord" time="0.593"/>
  <testcase classname="weather.test" name="deleteWeatherRecord2" time="0.574"/>
  <testcase classname="weather.test" name="deleteWeatherRecord3" time="0.616"/>
</testsuite> <!-- Test -->
