<?xml version="1.0" encoding="UTF-8"?>
<!-- Generated by org.testng.reporters.JUnitXMLReporter -->
<testsuite ignored="0" hostname="LIN59019856" failures="0" tests="7" name="Test" time="7.012" errors="0" timestamp="2022-02-03T15:38:27 IST">
  <testcase classname="weather.test" name="testGet" time="1.745"/>
  <testcase classname="weather.test" name="testpost1" time="1.068"/>
  <testcase classname="weather.test" name="testpost2" time="0.711"/>
  <testcase classname="weather.test" name="testGet2" time="0.674"/>
  <testcase classname="weather.test" name="deleteWeatherRecord" time="1.326"/>
  <testcase classname="weather.test" name="deleteWeatherRecord2" time="0.696"/>
  <testcase classname="weather.test" name="deleteWeatherRecord3" time="0.766"/>
</testsuite> <!-- Test -->
