<?xml version="1.0" encoding="UTF-8"?>
<testsuite xmlns:xsi="http://www.w3.org/2001/XMLSchema-instance" xsi:noNamespaceSchemaLocation="https://maven.apache.org/surefire/maven-surefire-plugin/xsd/surefire-test-report.xsd" name="TestSuite" time="7.41" tests="7" errors="0" skipped="0" failures="0">
  <properties>
[...]
</properties>
  <testcase name="testGet" classname="weather.test" time="1.753"/>
  <testcase name="testpost1" classname="weather.test" time="1.068"/>
  <testcase name="testpost2" classname="weather.test" time="0.711"/>
  <testcase name="testGet2" classname="weather.test" time="0.674"/>
  <testcase name="deleteWeatherRecord" classname="weather.test" time="1.328"/>
  <testcase name="deleteWeatherRecord2" classname="weather.test" time="0.695"/>
  <testcase name="deleteWeatherRecord3" classname="weather.test" time="0.766"/>
</testsuite>