<?xml version="1.0" encoding="UTF-8"?>
<testng-results ignored="0" total="7" passed="7" failed="0" skipped="0">
  <reporter-output>
  </reporter-output>
  <suite started-at="2022-02-03T15:38:20 IST" name="Suite" finished-at="2022-02-03T15:38:27 IST" duration-ms="7012">
    <groups>
    </groups>
    <test started-at="2022-02-03T15:38:20 IST" name="Test" finished-at="2022-02-03T15:38:27 IST" duration-ms="7012">
      <class name="weather.test">
        <test-method signature="testGet()[pri:1, instance:weather.test@78b729e6]" started-at="2022-02-03T15:38:20 IST" name="testGet" finished-at="2022-02-03T15:38:21 IST" duration-ms="1745" status="PASS">
          <reporter-output>
          </reporter-output>
        </test-method> <!-- testGet -->
        <test-method signature="testpost1()[pri:2, instance:weather.test@78b729e6]" started-at="2022-02-03T15:38:21 IST" name="testpost1" finished-at="2022-02-03T15:38:23 IST" duration-ms="1068" status="PASS">
          <reporter-output>
          </reporter-output>
        </test-method> <!-- testpost1 -->
        <test-method signature="testpost2()[pri:3, instance:weather.test@78b729e6]" started-at="2022-02-03T15:38:23 IST" name="testpost2" finished-at="2022-02-03T15:38:23 IST" duration-ms="711" status="PASS">
          <reporter-output>
          </reporter-output>
        </test-method> <!-- testpost2 -->
        <test-method signature="testGet2()[pri:4, instance:weather.test@78b729e6]" started-at="2022-02-03T15:38:23 IST" name="testGet2" finished-at="2022-02-03T15:38:24 IST" duration-ms="674" status="PASS">
          <reporter-output>
          </reporter-output>
        </test-method> <!-- testGet2 -->
        <test-method signature="deleteWeatherRecord()[pri:5, instance:weather.test@78b729e6]" started-at="2022-02-03T15:38:24 IST" name="deleteWeatherRecord" finished-at="2022-02-03T15:38:25 IST" duration-ms="1326" status="PASS">
          <reporter-output>
          </reporter-output>
        </test-method> <!-- deleteWeatherRecord -->
        <test-method signature="deleteWeatherRecord2()[pri:6, instance:weather.test@78b729e6]" started-at="2022-02-03T15:38:25 IST" name="deleteWeatherRecord2" finished-at="2022-02-03T15:38:26 IST" duration-ms="696" status="PASS">
          <reporter-output>
          </reporter-output>
        </test-method> <!-- deleteWeatherRecord2 -->
        <test-method signature="deleteWeatherRecord3()[pri:7, instance:weather.test@78b729e6]" started-at="2022-02-03T15:38:26 IST" name="deleteWeatherRecord3" finished-at="2022-02-03T15:38:27 IST" duration-ms="766" status="PASS">
          <reporter-output>
          </reporter-output>
        </test-method> <!-- deleteWeatherRecord3 -->
      </class> <!-- weather.test -->
    </test> <!-- Test -->
  </suite> <!-- Suite -->
</testng-results>
