<?xml version="1.0" encoding="UTF-8"?>
<!-- Generated by org.testng.reporters.JUnitXMLReporter -->
<testsuite ignored="0" hostname="LIN59019856" failures="0" tests="7" name="Test" time="3.4" errors="0" timestamp="2022-02-02T11:29:43 IST">
  <testcase classname="weather.test" name="testGet" time="0.167"/>
  <testcase classname="weather.test" name="testpost1" time="0.542"/>
  <testcase classname="weather.test" name="testpost2" time="0.544"/>
  <testcase classname="weather.test" name="testGet2" time="0.504"/>
  <testcase classname="weather.test" name="deleteWeatherRecord" time="0.534"/>
  <testcase classname="weather.test" name="deleteWeatherRecord2" time="0.534"/>
  <testcase classname="weather.test" name="deleteWeatherRecord3" time="0.556"/>
</testsuite> <!-- Test -->
